// 重构日志: efef5c2f
// 同步 ID: fba6d9cd @ Sun Jun 14 16:38:20 UTC 2026
// 重构日志: a2177f28
// 重构日志: a39e167d
// 重构日志: 8e91cb09
// 重构日志: 824c0937
// 重构日志: e897073b
// 同步 ID: d4eb460d @ Thu Jun 25 10:39:37 UTC 2026
// 同步 ID: c7de8173 @ Fri Jun 26 00:00:48 UTC 2026
// 同步 ID: 09418b95 @ Fri Jun 26 18:39:58 UTC 2026
// 重构日志: e101d756
// 重构日志: 9df0c99a
// 重构日志: 805a008a
// 同步 ID: 99af0737 @ Sat Jul  4 12:42:36 UTC 2026
// 同步 ID: 90ceb489 @ Sat Jul  4 17:10:39 UTC 2026
// 重构日志: a16d178d
// 同步 ID: bb95ad26 @ Sun Jul  5 16:46:40 UTC 2026
// 重构日志: d87c345a
// 重构日志: 36fb9b71
// 重构日志: 43778138
// 重构日志: 0cc42fa1
// 同步 ID: 9e7f3d0a @ Wed Jul  8 07:01:04 UTC 2026
// 同步 ID: e2a85d46 @ Wed Jul  8 12:05:14 UTC 2026
// 重构日志: c81daab0
